<?xml version="1.0" encoding="UTF-8"?>
<!-- Generated by org.testng.reporters.JUnitXMLReporter -->
<testsuite ignored="5" hostname="DESKTOP-H89CJ7B" failures="1" tests="2" name="Test(failed)" time="128.42" errors="0" timestamp="2024-03-20T10:12:54 IST">
  <testcase classname="SeleniumDemo.project1.SteeringPoolSuite" name="CopyAndSave" time="77.312"/>
  <testcase classname="SeleniumDemo.project1.SteeringPoolSuite" name="enterEmptySP" time="51.057">
    <failure type="org.openqa.selenium.ElementClickInterceptedException" message="element click intercepted: Element &amp;lt;span class=&amp;quot;oj-button-icon oj-end oj-component-icon oj-button-menu-dropdown-icon&amp;quot; slot=&amp;quot;endIcon&amp;quot;&amp;gt;&amp;lt;/span&amp;gt; is not clickable at point (994, 16). Other element would receive the click: &amp;lt;div class=&amp;quot;oj-button-label&amp;quot;&amp;gt;...&amp;lt;/div&amp;gt;
  (Session info: chrome=122.0.6261.112)
Build info: version: &amp;apos;4.18.1&amp;apos;, revision: &amp;apos;b1d3319b48&amp;apos;
System info: os.name: &amp;apos;Windows 11&amp;apos;, os.arch: &amp;apos;amd64&amp;apos;, os.version: &amp;apos;10.0&amp;apos;, java.version: &amp;apos;17.0.10&amp;apos;
Driver info: org.openqa.selenium.chrome.ChromeDriver
Command: [e8491b35db07d90512b080fd173d5ef0, clickElement {id=75C88EB3D805263BE4074346FE05E53D_element_663}]
Capabilities {acceptInsecureCerts: false, browserName: chrome, browserVersion: 122.0.6261.112, chrome: {chromedriverVersion: 121.0.6167.85 (3f98d690ad7e..., userDataDir: C:\Users\admin\AppData\Loca...}, fedcm:accounts: true, goog:chromeOptions: {debuggerAddress: localhost:55805}, networkConnectionEnabled: false, pageLoadStrategy: normal, platformName: windows, proxy: Proxy(), se:cdp: ws://localhost:55805/devtoo..., se:cdpVersion: 122.0.6261.112, setWindowRect: true, strictFileInteractability: false, timeouts: {implicit: 0, pageLoad: 300000, script: 30000}, unhandledPromptBehavior: dismiss and notify, webauthn:extension:credBlob: true, webauthn:extension:largeBlob: true, webauthn:extension:minPinLength: true, webauthn:extension:prf: true, webauthn:virtualAuthenticators: true}
Element: [[ChromeDriver: chrome on windows (e8491b35db07d90512b080fd173d5ef0)] -&amp;gt; xpath: //button[@aria-label=&amp;apos;admin menu&amp;apos;]//span[@class=&amp;apos;oj-button-icon oj-end oj-component-icon oj-button-menu-dropdown-icon&amp;apos;]]
Session ID: e8491b35db07d90512b080fd173d5ef0">
      <![CDATA[org.openqa.selenium.ElementClickInterceptedException: element click intercepted: Element <span class="oj-button-icon oj-end oj-component-icon oj-button-menu-dropdown-icon" slot="endIcon"></span> is not clickable at point (994, 16). Other element would receive the click: <div class="oj-button-label">...</div>
  (Session info: chrome=122.0.6261.112)
Build info: version: '4.18.1', revision: 'b1d3319b48'
System info: os.name: 'Windows 11', os.arch: 'amd64', os.version: '10.0', java.version: '17.0.10'
Driver info: org.openqa.selenium.chrome.ChromeDriver
Command: [e8491b35db07d90512b080fd173d5ef0, clickElement {id=75C88EB3D805263BE4074346FE05E53D_element_663}]
Capabilities {acceptInsecureCerts: false, browserName: chrome, browserVersion: 122.0.6261.112, chrome: {chromedriverVersion: 121.0.6167.85 (3f98d690ad7e..., userDataDir: C:\Users\admin\AppData\Loca...}, fedcm:accounts: true, goog:chromeOptions: {debuggerAddress: localhost:55805}, networkConnectionEnabled: false, pageLoadStrategy: normal, platformName: windows, proxy: Proxy(), se:cdp: ws://localhost:55805/devtoo..., se:cdpVersion: 122.0.6261.112, setWindowRect: true, strictFileInteractability: false, timeouts: {implicit: 0, pageLoad: 300000, script: 30000}, unhandledPromptBehavior: dismiss and notify, webauthn:extension:credBlob: true, webauthn:extension:largeBlob: true, webauthn:extension:minPinLength: true, webauthn:extension:prf: true, webauthn:virtualAuthenticators: true}
Element: [[ChromeDriver: chrome on windows (e8491b35db07d90512b080fd173d5ef0)] -> xpath: //button[@aria-label='admin menu']//span[@class='oj-button-icon oj-end oj-component-icon oj-button-menu-dropdown-icon']]
Session ID: e8491b35db07d90512b080fd173d5ef0
at org.openqa.selenium.remote.ErrorCodec.decode(ErrorCodec.java:167)
at org.openqa.selenium.remote.codec.w3c.W3CHttpResponseCodec.decode(W3CHttpResponseCodec.java:138)
at org.openqa.selenium.remote.codec.w3c.W3CHttpResponseCodec.decode(W3CHttpResponseCodec.java:50)
at org.openqa.selenium.remote.HttpCommandExecutor.execute(HttpCommandExecutor.java:190)
at org.openqa.selenium.remote.service.DriverCommandExecutor.invokeExecute(DriverCommandExecutor.java:216)
at org.openqa.selenium.remote.service.DriverCommandExecutor.execute(DriverCommandExecutor.java:174)
at org.openqa.selenium.remote.RemoteWebDriver.execute(RemoteWebDriver.java:519)
at org.openqa.selenium.remote.RemoteWebElement.execute(RemoteWebElement.java:223)
at org.openqa.selenium.remote.RemoteWebElement.click(RemoteWebElement.java:76)
at SeleniumDemo.project1.Base.logOut(Base.java:31)
at SeleniumDemo.project1.SteeringPoolSuite.enterEmptySP(SteeringPoolSuite.java:191)
at java.base/java.util.ArrayList.forEach(ArrayList.java:1511)
... Removed 32 stack frames]]>
    </failure>
  </testcase> <!-- enterEmptySP -->
  <testcase classname="SeleniumDemo.project1.SteeringPoolSuite" name="addEditDelete" time="0.0">
    <ignored/>
  </testcase> <!-- addEditDelete -->
  <testcase classname="SeleniumDemo.project1.SteeringPoolSuite" name="enterSPAndPressBack" time="0.0">
    <ignored/>
  </testcase> <!-- enterSPAndPressBack -->
  <testcase classname="SeleniumDemo.project1.SteeringPoolSuite" name="searchSteeringPool" time="0.0">
    <ignored/>
  </testcase> <!-- searchSteeringPool -->
  <testcase classname="SeleniumDemo.project1.SteeringPoolSuite" name="addMultipleDeleteFew" time="0.0">
    <ignored/>
  </testcase> <!-- addMultipleDeleteFew -->
  <testcase classname="SeleniumDemo.project1.SteeringPoolSuite" name="addMultipleDeleteAll" time="0.0">
    <ignored/>
  </testcase> <!-- addMultipleDeleteAll -->
</testsuite> <!-- Test(failed) -->
