<?xml version="1.0" encoding="UTF-8"?>
<!-- Generated by org.testng.reporters.JUnitXMLReporter -->
<testsuite ignored="5" hostname="DESKTOP-H89CJ7B" failures="1" tests="2" name="LocalPolicyTest(failed)(failed)" time="237.628" errors="0" timestamp="2024-03-26T17:00:03 IST">
  <testcase classname="SeleniumDemo.project1.LocalPolicySuite" name="AddMultipleDeleteAll" time="165.996"/>
  <testcase classname="SeleniumDemo.project1.LocalPolicySuite" name="AddMultipleDeleteFew" time="71.521">
    <failure type="org.openqa.selenium.ElementNotInteractableException" message="element not interactable
  (Session info: chrome=122.0.6261.131)
Build info: version: &amp;apos;4.18.1&amp;apos;, revision: &amp;apos;b1d3319b48&amp;apos;
System info: os.name: &amp;apos;Windows 11&amp;apos;, os.arch: &amp;apos;amd64&amp;apos;, os.version: &amp;apos;10.0&amp;apos;, java.version: &amp;apos;17.0.10&amp;apos;
Driver info: org.openqa.selenium.chrome.ChromeDriver
Command: [9355e598968da89f9a7e62e79aeeccf6, clickElement {id=90EE335E32AACECC2F437D7B79AC2347_element_416}]
Capabilities {acceptInsecureCerts: false, browserName: chrome, browserVersion: 122.0.6261.131, chrome: {chromedriverVersion: 121.0.6167.85 (3f98d690ad7e..., userDataDir: C:\Users\admin\AppData\Loca...}, fedcm:accounts: true, goog:chromeOptions: {debuggerAddress: localhost:54391}, networkConnectionEnabled: false, pageLoadStrategy: normal, platformName: windows, proxy: Proxy(), se:cdp: ws://localhost:54391/devtoo..., se:cdpVersion: 122.0.6261.131, setWindowRect: true, strictFileInteractability: false, timeouts: {implicit: 0, pageLoad: 300000, script: 30000}, unhandledPromptBehavior: dismiss and notify, webauthn:extension:credBlob: true, webauthn:extension:largeBlob: true, webauthn:extension:minPinLength: true, webauthn:extension:prf: true, webauthn:virtualAuthenticators: true}
Element: [[ChromeDriver: chrome on windows (9355e598968da89f9a7e62e79aeeccf6)] -&amp;gt; xpath: //span[normalize-space()=&amp;apos;ldap-config&amp;apos;]]
Session ID: 9355e598968da89f9a7e62e79aeeccf6">
      <![CDATA[org.openqa.selenium.ElementNotInteractableException: element not interactable
  (Session info: chrome=122.0.6261.131)
Build info: version: '4.18.1', revision: 'b1d3319b48'
System info: os.name: 'Windows 11', os.arch: 'amd64', os.version: '10.0', java.version: '17.0.10'
Driver info: org.openqa.selenium.chrome.ChromeDriver
Command: [9355e598968da89f9a7e62e79aeeccf6, clickElement {id=90EE335E32AACECC2F437D7B79AC2347_element_416}]
Capabilities {acceptInsecureCerts: false, browserName: chrome, browserVersion: 122.0.6261.131, chrome: {chromedriverVersion: 121.0.6167.85 (3f98d690ad7e..., userDataDir: C:\Users\admin\AppData\Loca...}, fedcm:accounts: true, goog:chromeOptions: {debuggerAddress: localhost:54391}, networkConnectionEnabled: false, pageLoadStrategy: normal, platformName: windows, proxy: Proxy(), se:cdp: ws://localhost:54391/devtoo..., se:cdpVersion: 122.0.6261.131, setWindowRect: true, strictFileInteractability: false, timeouts: {implicit: 0, pageLoad: 300000, script: 30000}, unhandledPromptBehavior: dismiss and notify, webauthn:extension:credBlob: true, webauthn:extension:largeBlob: true, webauthn:extension:minPinLength: true, webauthn:extension:prf: true, webauthn:virtualAuthenticators: true}
Element: [[ChromeDriver: chrome on windows (9355e598968da89f9a7e62e79aeeccf6)] -> xpath: //span[normalize-space()='ldap-config']]
Session ID: 9355e598968da89f9a7e62e79aeeccf6
at org.openqa.selenium.remote.ErrorCodec.decode(ErrorCodec.java:167)
at org.openqa.selenium.remote.codec.w3c.W3CHttpResponseCodec.decode(W3CHttpResponseCodec.java:138)
at org.openqa.selenium.remote.codec.w3c.W3CHttpResponseCodec.decode(W3CHttpResponseCodec.java:50)
at org.openqa.selenium.remote.HttpCommandExecutor.execute(HttpCommandExecutor.java:190)
at org.openqa.selenium.remote.service.DriverCommandExecutor.invokeExecute(DriverCommandExecutor.java:216)
at org.openqa.selenium.remote.service.DriverCommandExecutor.execute(DriverCommandExecutor.java:174)
at org.openqa.selenium.remote.RemoteWebDriver.execute(RemoteWebDriver.java:519)
at org.openqa.selenium.remote.RemoteWebElement.execute(RemoteWebElement.java:223)
at org.openqa.selenium.remote.RemoteWebElement.click(RemoteWebElement.java:76)
at SeleniumDemo.project1.LocalPolicy.cleanUp(LocalPolicy.java:152)
at SeleniumDemo.project1.LocalPolicySuite.AddMultipleDeleteFew(LocalPolicySuite.java:75)
at java.base/java.util.ArrayList.forEach(ArrayList.java:1511)
... Removed 32 stack frames]]>
    </failure>
  </testcase> <!-- AddMultipleDeleteFew -->
  <testcase classname="SeleniumDemo.project1.LocalPolicySuite" name="EnterLocalPolicyAndPressBack" time="0.0">
    <ignored/>
  </testcase> <!-- EnterLocalPolicyAndPressBack -->
  <testcase classname="SeleniumDemo.project1.LocalPolicySuite" name="AddEditDelete" time="0.0">
    <ignored/>
  </testcase> <!-- AddEditDelete -->
  <testcase classname="SeleniumDemo.project1.LocalPolicySuite" name="LocalPOlicyWithEmptyName" time="0.0">
    <ignored/>
  </testcase> <!-- LocalPOlicyWithEmptyName -->
  <testcase classname="SeleniumDemo.project1.LocalPolicySuite" name="CopyAndSave" time="0.0">
    <ignored/>
  </testcase> <!-- CopyAndSave -->
  <testcase classname="SeleniumDemo.project1.LocalPolicySuite" name="SearchLocalPolicy" time="0.0">
    <ignored/>
  </testcase> <!-- SearchLocalPolicy -->
</testsuite> <!-- LocalPolicyTest(failed)(failed) -->
