<?xml version="1.0" encoding="UTF-8"?>
<!-- Generated by org.testng.reporters.JUnitXMLReporter -->
<testsuite ignored="5" hostname="DESKTOP-H89CJ7B" failures="1" tests="2" name="Test(failed)" time="84.596" errors="0" timestamp="2024-03-15T13:14:30 IST">
  <testcase classname="SeleniumDemo.project1.FilterConfigSuite" name="AddMultipleFilterConfigDeleteAll" time="48.828"/>
  <testcase classname="SeleniumDemo.project1.FilterConfigSuite" name="AddEditDelete" time="35.696">
    <failure type="org.openqa.selenium.ElementClickInterceptedException" message="element click intercepted: Element &amp;lt;span class=&amp;quot;oj-navigationlist-item-label&amp;quot;&amp;gt;...&amp;lt;/span&amp;gt; is not clickable at point (89, 350). Other element would receive the click: &amp;lt;div class=&amp;quot;oj-component-overlay oj-dialog-layer&amp;quot; role=&amp;quot;presentation&amp;quot; id=&amp;quot;dialogConfirmDlg_layer_overlay&amp;quot; aria-hidden=&amp;quot;true&amp;quot;&amp;gt;&amp;lt;/div&amp;gt;
  (Session info: chrome=122.0.6261.112)
Build info: version: &amp;apos;4.18.1&amp;apos;, revision: &amp;apos;b1d3319b48&amp;apos;
System info: os.name: &amp;apos;Windows 11&amp;apos;, os.arch: &amp;apos;amd64&amp;apos;, os.version: &amp;apos;10.0&amp;apos;, java.version: &amp;apos;17.0.10&amp;apos;
Driver info: org.openqa.selenium.chrome.ChromeDriver
Command: [4e5f882b23efead9b10be2ae441a5de1, clickElement {id=1FF04992D22EC37B50C89DAAB8ECA50D_element_214}]
Capabilities {acceptInsecureCerts: false, browserName: chrome, browserVersion: 122.0.6261.112, chrome: {chromedriverVersion: 121.0.6167.85 (3f98d690ad7e..., userDataDir: C:\Users\admin\AppData\Loca...}, fedcm:accounts: true, goog:chromeOptions: {debuggerAddress: localhost:56009}, networkConnectionEnabled: false, pageLoadStrategy: normal, platformName: windows, proxy: Proxy(), se:cdp: ws://localhost:56009/devtoo..., se:cdpVersion: 122.0.6261.112, setWindowRect: true, strictFileInteractability: false, timeouts: {implicit: 0, pageLoad: 300000, script: 30000}, unhandledPromptBehavior: dismiss and notify, webauthn:extension:credBlob: true, webauthn:extension:largeBlob: true, webauthn:extension:minPinLength: true, webauthn:extension:prf: true, webauthn:virtualAuthenticators: true}
Element: [[ChromeDriver: chrome on windows (4e5f882b23efead9b10be2ae441a5de1)] -&amp;gt; xpath: //span[normalize-space()=&amp;apos;ldap-config&amp;apos;]]
Session ID: 4e5f882b23efead9b10be2ae441a5de1">
      <![CDATA[org.openqa.selenium.ElementClickInterceptedException: element click intercepted: Element <span class="oj-navigationlist-item-label">...</span> is not clickable at point (89, 350). Other element would receive the click: <div class="oj-component-overlay oj-dialog-layer" role="presentation" id="dialogConfirmDlg_layer_overlay" aria-hidden="true"></div>
  (Session info: chrome=122.0.6261.112)
Build info: version: '4.18.1', revision: 'b1d3319b48'
System info: os.name: 'Windows 11', os.arch: 'amd64', os.version: '10.0', java.version: '17.0.10'
Driver info: org.openqa.selenium.chrome.ChromeDriver
Command: [4e5f882b23efead9b10be2ae441a5de1, clickElement {id=1FF04992D22EC37B50C89DAAB8ECA50D_element_214}]
Capabilities {acceptInsecureCerts: false, browserName: chrome, browserVersion: 122.0.6261.112, chrome: {chromedriverVersion: 121.0.6167.85 (3f98d690ad7e..., userDataDir: C:\Users\admin\AppData\Loca...}, fedcm:accounts: true, goog:chromeOptions: {debuggerAddress: localhost:56009}, networkConnectionEnabled: false, pageLoadStrategy: normal, platformName: windows, proxy: Proxy(), se:cdp: ws://localhost:56009/devtoo..., se:cdpVersion: 122.0.6261.112, setWindowRect: true, strictFileInteractability: false, timeouts: {implicit: 0, pageLoad: 300000, script: 30000}, unhandledPromptBehavior: dismiss and notify, webauthn:extension:credBlob: true, webauthn:extension:largeBlob: true, webauthn:extension:minPinLength: true, webauthn:extension:prf: true, webauthn:virtualAuthenticators: true}
Element: [[ChromeDriver: chrome on windows (4e5f882b23efead9b10be2ae441a5de1)] -> xpath: //span[normalize-space()='ldap-config']]
Session ID: 4e5f882b23efead9b10be2ae441a5de1
at org.openqa.selenium.remote.ErrorCodec.decode(ErrorCodec.java:167)
at org.openqa.selenium.remote.codec.w3c.W3CHttpResponseCodec.decode(W3CHttpResponseCodec.java:138)
at org.openqa.selenium.remote.codec.w3c.W3CHttpResponseCodec.decode(W3CHttpResponseCodec.java:50)
at org.openqa.selenium.remote.HttpCommandExecutor.execute(HttpCommandExecutor.java:190)
at org.openqa.selenium.remote.service.DriverCommandExecutor.invokeExecute(DriverCommandExecutor.java:216)
at org.openqa.selenium.remote.service.DriverCommandExecutor.execute(DriverCommandExecutor.java:174)
at org.openqa.selenium.remote.RemoteWebDriver.execute(RemoteWebDriver.java:519)
at org.openqa.selenium.remote.RemoteWebElement.execute(RemoteWebElement.java:223)
at org.openqa.selenium.remote.RemoteWebElement.click(RemoteWebElement.java:76)
at SeleniumDemo.project1.FilterConfig.cleanUp(FilterConfig.java:141)
at SeleniumDemo.project1.FilterConfigSuite.AddEditDelete(FilterConfigSuite.java:30)
at java.base/java.util.ArrayList.forEach(ArrayList.java:1511)
... Removed 32 stack frames]]>
    </failure>
  </testcase> <!-- AddEditDelete -->
  <testcase classname="SeleniumDemo.project1.FilterConfigSuite" name="AddMultipleFilterConfigDeleteFew" time="0.0">
    <ignored/>
  </testcase> <!-- AddMultipleFilterConfigDeleteFew -->
  <testcase classname="SeleniumDemo.project1.FilterConfigSuite" name="SearchFilterConfig" time="0.0">
    <ignored/>
  </testcase> <!-- SearchFilterConfig -->
  <testcase classname="SeleniumDemo.project1.FilterConfigSuite" name="EnterFilter_ConfigAndPressBack" time="0.0">
    <ignored/>
  </testcase> <!-- EnterFilter_ConfigAndPressBack -->
  <testcase classname="SeleniumDemo.project1.FilterConfigSuite" name="CopyAndSaveFilterConfig" time="0.0">
    <ignored/>
  </testcase> <!-- CopyAndSaveFilterConfig -->
  <testcase classname="SeleniumDemo.project1.FilterConfigSuite" name="FilterWithEmptyName" time="0.0">
    <ignored/>
  </testcase> <!-- FilterWithEmptyName -->
</testsuite> <!-- Test(failed) -->
