<?xml version="1.0" encoding="UTF-8"?>
<!-- Generated by org.testng.reporters.JUnitXMLReporter -->
<testsuite ignored="0" hostname="DESKTOP-H89CJ7B" failures="2" tests="7" name="Test" time="352.217" errors="0" timestamp="2024-03-25T18:04:07 IST">
  <testcase classname="SeleniumDemo.project1.TLSProfileSuite" name="EnterTLS_AndPressBack" time="40.018"/>
  <testcase classname="SeleniumDemo.project1.TLSProfileSuite" name="TLSWithEmptyName" time="36.815"/>
  <testcase classname="SeleniumDemo.project1.TLSProfileSuite" name="addEditDelete" time="55.15"/>
  <testcase classname="SeleniumDemo.project1.TLSProfileSuite" name="addMultipleDeleteAll" time="48.309"/>
  <testcase classname="SeleniumDemo.project1.TLSProfileSuite" name="addMultipleDeleteFew" time="66.153">
    <failure type="org.openqa.selenium.ElementClickInterceptedException" message="element click intercepted: Element &amp;lt;span class=&amp;quot;oj-navigationlist-item-label&amp;quot;&amp;gt;...&amp;lt;/span&amp;gt; is not clickable at point (95, 278). Other element would receive the click: &amp;lt;div class=&amp;quot;oj-component-overlay oj-dialog-layer&amp;quot; role=&amp;quot;presentation&amp;quot; id=&amp;quot;dialogConfirmDlg_layer_overlay&amp;quot; aria-hidden=&amp;quot;true&amp;quot;&amp;gt;&amp;lt;/div&amp;gt;
  (Session info: chrome=122.0.6261.131)
Build info: version: &amp;apos;4.18.1&amp;apos;, revision: &amp;apos;b1d3319b48&amp;apos;
System info: os.name: &amp;apos;Windows 11&amp;apos;, os.arch: &amp;apos;amd64&amp;apos;, os.version: &amp;apos;10.0&amp;apos;, java.version: &amp;apos;17.0.10&amp;apos;
Driver info: org.openqa.selenium.chrome.ChromeDriver
Command: [5aedb447c6c655ad0eeef255897e95eb, clickElement {id=433C5513CF2E9553E2091E27F0C85273_element_410}]
Capabilities {acceptInsecureCerts: false, browserName: chrome, browserVersion: 122.0.6261.131, chrome: {chromedriverVersion: 121.0.6167.85 (3f98d690ad7e..., userDataDir: C:\Users\admin\AppData\Loca...}, fedcm:accounts: true, goog:chromeOptions: {debuggerAddress: localhost:62907}, networkConnectionEnabled: false, pageLoadStrategy: normal, platformName: windows, proxy: Proxy(), se:cdp: ws://localhost:62907/devtoo..., se:cdpVersion: 122.0.6261.131, setWindowRect: true, strictFileInteractability: false, timeouts: {implicit: 0, pageLoad: 300000, script: 30000}, unhandledPromptBehavior: dismiss and notify, webauthn:extension:credBlob: true, webauthn:extension:largeBlob: true, webauthn:extension:minPinLength: true, webauthn:extension:prf: true, webauthn:virtualAuthenticators: true}
Element: [[ChromeDriver: chrome on windows (5aedb447c6c655ad0eeef255897e95eb)] -&amp;gt; xpath: //span[normalize-space()=&amp;apos;tls-global&amp;apos;]]
Session ID: 5aedb447c6c655ad0eeef255897e95eb">
      <![CDATA[org.openqa.selenium.ElementClickInterceptedException: element click intercepted: Element <span class="oj-navigationlist-item-label">...</span> is not clickable at point (95, 278). Other element would receive the click: <div class="oj-component-overlay oj-dialog-layer" role="presentation" id="dialogConfirmDlg_layer_overlay" aria-hidden="true"></div>
  (Session info: chrome=122.0.6261.131)
Build info: version: '4.18.1', revision: 'b1d3319b48'
System info: os.name: 'Windows 11', os.arch: 'amd64', os.version: '10.0', java.version: '17.0.10'
Driver info: org.openqa.selenium.chrome.ChromeDriver
Command: [5aedb447c6c655ad0eeef255897e95eb, clickElement {id=433C5513CF2E9553E2091E27F0C85273_element_410}]
Capabilities {acceptInsecureCerts: false, browserName: chrome, browserVersion: 122.0.6261.131, chrome: {chromedriverVersion: 121.0.6167.85 (3f98d690ad7e..., userDataDir: C:\Users\admin\AppData\Loca...}, fedcm:accounts: true, goog:chromeOptions: {debuggerAddress: localhost:62907}, networkConnectionEnabled: false, pageLoadStrategy: normal, platformName: windows, proxy: Proxy(), se:cdp: ws://localhost:62907/devtoo..., se:cdpVersion: 122.0.6261.131, setWindowRect: true, strictFileInteractability: false, timeouts: {implicit: 0, pageLoad: 300000, script: 30000}, unhandledPromptBehavior: dismiss and notify, webauthn:extension:credBlob: true, webauthn:extension:largeBlob: true, webauthn:extension:minPinLength: true, webauthn:extension:prf: true, webauthn:virtualAuthenticators: true}
Element: [[ChromeDriver: chrome on windows (5aedb447c6c655ad0eeef255897e95eb)] -> xpath: //span[normalize-space()='tls-global']]
Session ID: 5aedb447c6c655ad0eeef255897e95eb
at org.openqa.selenium.remote.ErrorCodec.decode(ErrorCodec.java:167)
at org.openqa.selenium.remote.codec.w3c.W3CHttpResponseCodec.decode(W3CHttpResponseCodec.java:138)
at org.openqa.selenium.remote.codec.w3c.W3CHttpResponseCodec.decode(W3CHttpResponseCodec.java:50)
at org.openqa.selenium.remote.HttpCommandExecutor.execute(HttpCommandExecutor.java:190)
at org.openqa.selenium.remote.service.DriverCommandExecutor.invokeExecute(DriverCommandExecutor.java:216)
at org.openqa.selenium.remote.service.DriverCommandExecutor.execute(DriverCommandExecutor.java:174)
at org.openqa.selenium.remote.RemoteWebDriver.execute(RemoteWebDriver.java:519)
at org.openqa.selenium.remote.RemoteWebElement.execute(RemoteWebElement.java:223)
at org.openqa.selenium.remote.RemoteWebElement.click(RemoteWebElement.java:76)
at SeleniumDemo.project1.TLSProfile.cleanUp(TLSProfile.java:94)
at SeleniumDemo.project1.TLSProfileSuite.addMultipleDeleteFew(TLSProfileSuite.java:67)
at java.base/java.util.ArrayList.forEach(ArrayList.java:1511)
... Removed 32 stack frames]]>
    </failure>
  </testcase> <!-- addMultipleDeleteFew -->
  <testcase classname="SeleniumDemo.project1.TLSProfileSuite" name="copyAndSave" time="49.254">
    <failure type="org.openqa.selenium.ElementClickInterceptedException" message="element click intercepted: Element &amp;lt;span class=&amp;quot;&amp;quot;&amp;gt;...&amp;lt;/span&amp;gt; is not clickable at point (503, 267). Other element would receive the click: &amp;lt;div slot=&amp;quot;body&amp;quot; class=&amp;quot;oj-dialog-body&amp;quot;&amp;gt;...&amp;lt;/div&amp;gt;
  (Session info: chrome=122.0.6261.131)
Build info: version: &amp;apos;4.18.1&amp;apos;, revision: &amp;apos;b1d3319b48&amp;apos;
System info: os.name: &amp;apos;Windows 11&amp;apos;, os.arch: &amp;apos;amd64&amp;apos;, os.version: &amp;apos;10.0&amp;apos;, java.version: &amp;apos;17.0.10&amp;apos;
Driver info: org.openqa.selenium.chrome.ChromeDriver
Command: [d44d68cf458751da71476e8c5d378eb6, clickElement {id=0992FDF520F8B798A957DCB6C4837A8E_element_350}]
Capabilities {acceptInsecureCerts: false, browserName: chrome, browserVersion: 122.0.6261.131, chrome: {chromedriverVersion: 121.0.6167.85 (3f98d690ad7e..., userDataDir: C:\Users\admin\AppData\Loca...}, fedcm:accounts: true, goog:chromeOptions: {debuggerAddress: localhost:62936}, networkConnectionEnabled: false, pageLoadStrategy: normal, platformName: windows, proxy: Proxy(), se:cdp: ws://localhost:62936/devtoo..., se:cdpVersion: 122.0.6261.131, setWindowRect: true, strictFileInteractability: false, timeouts: {implicit: 0, pageLoad: 300000, script: 30000}, unhandledPromptBehavior: dismiss and notify, webauthn:extension:credBlob: true, webauthn:extension:largeBlob: true, webauthn:extension:minPinLength: true, webauthn:extension:prf: true, webauthn:virtualAuthenticators: true}
Element: [[ChromeDriver: chrome on windows (d44d68cf458751da71476e8c5d378eb6)] -&amp;gt; xpath: //oj-button[@id=&amp;apos;dialogConfirmBtn&amp;apos;]//span[contains(text(),&amp;apos;Confirm&amp;apos;)]]
Session ID: d44d68cf458751da71476e8c5d378eb6">
      <![CDATA[org.openqa.selenium.ElementClickInterceptedException: element click intercepted: Element <span class="">...</span> is not clickable at point (503, 267). Other element would receive the click: <div slot="body" class="oj-dialog-body">...</div>
  (Session info: chrome=122.0.6261.131)
Build info: version: '4.18.1', revision: 'b1d3319b48'
System info: os.name: 'Windows 11', os.arch: 'amd64', os.version: '10.0', java.version: '17.0.10'
Driver info: org.openqa.selenium.chrome.ChromeDriver
Command: [d44d68cf458751da71476e8c5d378eb6, clickElement {id=0992FDF520F8B798A957DCB6C4837A8E_element_350}]
Capabilities {acceptInsecureCerts: false, browserName: chrome, browserVersion: 122.0.6261.131, chrome: {chromedriverVersion: 121.0.6167.85 (3f98d690ad7e..., userDataDir: C:\Users\admin\AppData\Loca...}, fedcm:accounts: true, goog:chromeOptions: {debuggerAddress: localhost:62936}, networkConnectionEnabled: false, pageLoadStrategy: normal, platformName: windows, proxy: Proxy(), se:cdp: ws://localhost:62936/devtoo..., se:cdpVersion: 122.0.6261.131, setWindowRect: true, strictFileInteractability: false, timeouts: {implicit: 0, pageLoad: 300000, script: 30000}, unhandledPromptBehavior: dismiss and notify, webauthn:extension:credBlob: true, webauthn:extension:largeBlob: true, webauthn:extension:minPinLength: true, webauthn:extension:prf: true, webauthn:virtualAuthenticators: true}
Element: [[ChromeDriver: chrome on windows (d44d68cf458751da71476e8c5d378eb6)] -> xpath: //oj-button[@id='dialogConfirmBtn']//span[contains(text(),'Confirm')]]
Session ID: d44d68cf458751da71476e8c5d378eb6
at org.openqa.selenium.remote.ErrorCodec.decode(ErrorCodec.java:167)
at org.openqa.selenium.remote.codec.w3c.W3CHttpResponseCodec.decode(W3CHttpResponseCodec.java:138)
at org.openqa.selenium.remote.codec.w3c.W3CHttpResponseCodec.decode(W3CHttpResponseCodec.java:50)
at org.openqa.selenium.remote.HttpCommandExecutor.execute(HttpCommandExecutor.java:190)
at org.openqa.selenium.remote.service.DriverCommandExecutor.invokeExecute(DriverCommandExecutor.java:216)
at org.openqa.selenium.remote.service.DriverCommandExecutor.execute(DriverCommandExecutor.java:174)
at org.openqa.selenium.remote.RemoteWebDriver.execute(RemoteWebDriver.java:519)
at org.openqa.selenium.remote.RemoteWebElement.execute(RemoteWebElement.java:223)
at org.openqa.selenium.remote.RemoteWebElement.click(RemoteWebElement.java:76)
at SeleniumDemo.project1.TLSProfile.deleteAll_TLS_Profile(TLSProfile.java:82)
at SeleniumDemo.project1.TLSProfile.cleanUp(TLSProfile.java:101)
at SeleniumDemo.project1.TLSProfileSuite.copyAndSave(TLSProfileSuite.java:108)
at java.base/java.util.ArrayList.forEach(ArrayList.java:1511)
... Removed 32 stack frames]]>
    </failure>
  </testcase> <!-- copyAndSave -->
  <testcase classname="SeleniumDemo.project1.TLSProfileSuite" name="search" time="56.429"/>
</testsuite> <!-- Test -->
